[Sender] Log started
[Sender] Forcing records-per-blast M=500 (record_size=512, file_size=643600)
[Sender] Sent FILE_HDR
[Sender] Received FILE_HDR_ACK
[Sender] Sent packet 0 of 32 for blast 1 (size=8336)
[Sender] Sent packet 1 of 32 for blast 1 (size=8336)
[Sender] Sent packet 2 of 32 for blast 1 (size=8336)
[Sender] Sent packet 3 of 32 for blast 1 (size=8336)
[Sender] Sent packet 4 of 32 for blast 1 (size=8336)
[Sender] Sent packet 5 of 32 for blast 1 (size=8336)
[Sender] Sent packet 6 of 32 for blast 1 (size=8336)
[Sender] Sent packet 7 of 32 for blast 1 (size=8336)
[Sender] Sent packet 8 of 32 for blast 1 (size=8336)
[Sender] Sent packet 9 of 32 for blast 1 (size=8336)
[Sender] Sent packet 10 of 32 for blast 1 (size=8336)
[Sender] Sent packet 11 of 32 for blast 1 (size=8336)
[Sender] Sent packet 12 of 32 for blast 1 (size=8336)
[Sender] Sent packet 13 of 32 for blast 1 (size=8336)
[Sender] Sent packet 14 of 32 for blast 1 (size=8336)
[Sender] Sent packet 15 of 32 for blast 1 (size=8336)
[Sender] Sent packet 16 of 32 for blast 1 (size=8336)
[Sender] Sent packet 17 of 32 for blast 1 (size=8336)
[Sender] Sent packet 18 of 32 for blast 1 (size=8336)
[Sender] Sent packet 19 of 32 for blast 1 (size=8336)
[Sender] Sent packet 20 of 32 for blast 1 (size=8336)
[Sender] Sent packet 21 of 32 for blast 1 (size=8336)
[Sender] Sent packet 22 of 32 for blast 1 (size=8336)
[Sender] Sent packet 23 of 32 for blast 1 (size=8336)
[Sender] Sent packet 24 of 32 for blast 1 (size=8336)
[Sender] Sent packet 25 of 32 for blast 1 (size=8336)
[Sender] Sent packet 26 of 32 for blast 1 (size=8336)
[Sender] Sent packet 27 of 32 for blast 1 (size=8336)
[Sender] Sent packet 28 of 32 for blast 1 (size=8336)
[Sender] Sent packet 29 of 32 for blast 1 (size=8336)
[Sender] Sent packet 30 of 32 for blast 1 (size=8336)
[Sender] Sent packet 31 of 32 for blast 1 (size=2096)
[Sender] Blast 1 sent in 32 packets with records (0-499)
[Sender] is_blast_over: Blast 1
[Sender] REC_MISS for blast 1: [[13,13],[35,35],[38,38],[65,65],[106,106],[132,132],[206,206],[215,215],[374,374],[385,385],[466,466],[498,498]]
[Sender] Sent packet 0 of 32 for blast 2 (size=8336)
[Sender] Sent packet 1 of 32 for blast 2 (size=8336)
[Sender] Sent packet 2 of 32 for blast 2 (size=8336)
[Sender] Sent packet 3 of 32 for blast 2 (size=8336)
[Sender] Sent packet 4 of 32 for blast 2 (size=8336)
[Sender] Sent packet 5 of 32 for blast 2 (size=8336)
[Sender] Sent packet 6 of 32 for blast 2 (size=8336)
[Sender] Sent packet 7 of 32 for blast 2 (size=8336)
[Sender] Sent packet 8 of 32 for blast 2 (size=8336)
[Sender] Sent packet 9 of 32 for blast 2 (size=8336)
[Sender] Sent packet 10 of 32 for blast 2 (size=8336)
[Sender] Sent packet 11 of 32 for blast 2 (size=8336)
[Sender] Sent packet 12 of 32 for blast 2 (size=8336)
[Sender] Sent packet 13 of 32 for blast 2 (size=8336)
[Sender] Sent packet 14 of 32 for blast 2 (size=8336)
[Sender] Sent packet 15 of 32 for blast 2 (size=8336)
[Sender] Sent packet 16 of 32 for blast 2 (size=8336)
[Sender] Sent packet 17 of 32 for blast 2 (size=8336)
[Sender] Sent packet 18 of 32 for blast 2 (size=8336)
[Sender] Sent packet 19 of 32 for blast 2 (size=8336)
[Sender] Sent packet 20 of 32 for blast 2 (size=8336)
[Sender] Sent packet 21 of 32 for blast 2 (size=8336)
[Sender] Sent packet 22 of 32 for blast 2 (size=8336)
[Sender] Sent packet 23 of 32 for blast 2 (size=8336)
[Sender] Sent packet 24 of 32 for blast 2 (size=8336)
[Sender] Sent packet 25 of 32 for blast 2 (size=8336)
[Sender] Sent packet 26 of 32 for blast 2 (size=8336)
[Sender] Sent packet 27 of 32 for blast 2 (size=8336)
[Sender] Sent packet 28 of 32 for blast 2 (size=8336)
[Sender] Sent packet 29 of 32 for blast 2 (size=8336)
[Sender] Sent packet 30 of 32 for blast 2 (size=8336)
[Sender] Sent packet 31 of 32 for blast 2 (size=2096)
[Sender] Blast 2 sent in 32 packets with records (500-999)
[Sender] is_blast_over: Blast 2
[Sender] REC_MISS for blast 2: [[506,506],[525,525],[554,554],[593,593],[626,626],[646,646],[695,695],[847,847],[886,886],[907,907],[950,950],[958,958],[970,970]]
[Sender] Sent packet 0 of 17 for blast 3 (size=8336)
[Sender] Sent packet 1 of 17 for blast 3 (size=8336)
[Sender] Sent packet 2 of 17 for blast 3 (size=8336)
[Sender] Sent packet 3 of 17 for blast 3 (size=8336)
[Sender] Sent packet 4 of 17 for blast 3 (size=8336)
[Sender] Sent packet 5 of 17 for blast 3 (size=8336)
[Sender] Sent packet 6 of 17 for blast 3 (size=8336)
[Sender] Sent packet 7 of 17 for blast 3 (size=8336)
[Sender] Sent packet 8 of 17 for blast 3 (size=8336)
[Sender] Sent packet 9 of 17 for blast 3 (size=8336)
[Sender] Sent packet 10 of 17 for blast 3 (size=8336)
[Sender] Sent packet 11 of 17 for blast 3 (size=8336)
[Sender] Sent packet 12 of 17 for blast 3 (size=8336)
[Sender] Sent packet 13 of 17 for blast 3 (size=8336)
[Sender] Sent packet 14 of 17 for blast 3 (size=8336)
[Sender] Sent packet 15 of 17 for blast 3 (size=8336)
[Sender] Sent packet 16 of 17 for blast 3 (size=1056)
[Sender] Blast 3 sent in 17 packets with records (1000-1257)
[Sender] is_blast_over: Blast 3
[Sender] REC_MISS for blast 3: [[1032,1032],[1113,1113],[1142,1142],[1215,1215],[1234,1234]]
[Sender] DISCONNECTED
[Sender] Summary: logical_blasts_sent=3, packets_sent=81, bytes_sent=655456, rec_miss_msgs=3, missing_records_reported=30
[Sender] Duration=0.0223495s, Throughput=2.93275e+07 B/s (234.62 Mbps)
